<?xml version="1.0" encoding="UTF-8"?>
<!-- Generated by org.testng.reporters.JUnitReportReporter -->
<testsuite hostname="DESKTOP-9KSIB3K" failures="0" tests="1" name="Demo_Get" time="3.425" errors="0" timestamp="2021-02-08T13:02:54 IST" skipped="0">
  <testcase classname="Demo_Get" name="Demo" time="3.425"/>
  <system-out/>
</testsuite> <!-- Demo_Get -->
