<?xml version="1.0" encoding="UTF-8"?>
<!-- Generated by org.testng.reporters.JUnitReportReporter -->
<testsuite hostname="DESKTOP-9KSIB3K" failures="0" tests="1" name="Test01_Post" time="3.282" errors="0" timestamp="2021-02-01T13:08:15 IST" skipped="0">
  <testcase classname="Test01_Post" name="test_01_Post" time="3.282"/>
  <system-out/>
</testsuite> <!-- Test01_Post -->
