<?xml version="1.0" encoding="UTF-8"?>
<!-- Generated by org.testng.reporters.JUnitReportReporter -->
<testsuite hostname="DESKTOP-9KSIB3K" failures="0" tests="2" name="Test01_Get" time="6.501" errors="0" timestamp="2021-02-01T10:39:05 IST" skipped="0">
  <testcase classname="Test01_Get" name="test_01" time="4.985"/>
  <system-out/>
  <testcase classname="Test01_Get" name="test_02" time="1.516"/>
  <system-out/>
</testsuite> <!-- Test01_Get -->
