<?xml version="1.0" encoding="UTF-8"?>
<!-- Generated by org.testng.reporters.JUnitReportReporter -->
<testsuite hostname="DESKTOP-9KSIB3K" failures="0" tests="1" name="Test02_Get" time="5.950" errors="0" timestamp="2021-02-01T10:50:24 IST" skipped="0">
  <testcase classname="Test02_Get" name="test_01" time="5.950"/>
  <system-out/>
</testsuite> <!-- Test02_Get -->
